# JRE version: Java(TM) SE Runtime Environment (17.0.6+9) (build 17.0.6+9-LTS-190)
# Java VM: Java HotSpot(TM) 64-Bit Server VM (17.0.6+9-LTS-190, mixed mode, sharing, tiered, compressed oops, compressed class ptrs, g1 gc, windows-amd64)
GC Precious Log:
 CPUs: 12 total, 12 available
 Memory: 7863M
 Large Page Support: Disabled
 NUMA Support: Disabled
 Compressed Oops: Enabled (32-bit)
 Heap Region Size: 1M
 Heap Min Capacity: 8M
 Heap Initial Capacity: 124M
 Heap Max Capacity: 1966M
 Pre-touch: Disabled
 Parallel Workers: 10
 Concurrent Workers: 3
 Concurrent Refinement Workers: 10
 Periodic GC: Disabled
Heap:
 garbage-first heap   total 51200K, used 34821K [0x0000000085200000, 0x0000000100000000)
  region size 1024K, 21 young (21504K), 2 survivors (2048K)
 Metaspace       used 33497K, committed 33920K, reserved 1081344K
  class space    used 4418K, committed 4608K, reserved 1048576K
GC Heap History (10 events):
Event: 0.449 GC heap before
{Heap before GC invocations=0 (full 0):
 garbage-first heap   total 126976K, used 23552K [0x0000000085200000, 0x0000000100000000)
  region size 1024K, 23 young (23552K), 0 survivors (0K)
 Metaspace       used 5619K, committed 5824K, reserved 1056768K
  class space    used 658K, committed 768K, reserved 1048576K
}
Event: 0.452 GC heap after
{Heap after GC invocations=1 (full 0):
 garbage-first heap   total 126976K, used 6494K [0x0000000085200000, 0x0000000100000000)
  region size 1024K, 3 young (3072K), 3 survivors (3072K)
 Metaspace       used 5619K, committed 5824K, reserved 1056768K
  class space    used 658K, committed 768K, reserved 1048576K
}
Event: 0.900 GC heap before
{Heap before GC invocations=1 (full 0):
 garbage-first heap   total 126976K, used 35166K [0x0000000085200000, 0x0000000100000000)
  region size 1024K, 32 young (32768K), 3 survivors (3072K)
 Metaspace       used 12978K, committed 13184K, reserved 1064960K
  class space    used 1575K, committed 1664K, reserved 1048576K
}
Event: 0.906 GC heap after
{Heap after GC invocations=2 (full 0):
 garbage-first heap   total 126976K, used 9232K [0x0000000085200000, 0x0000000100000000)
  region size 1024K, 3 young (3072K), 3 survivors (3072K)
 Metaspace       used 12978K, committed 13184K, reserved 1064960K
  class space    used 1575K, committed 1664K, reserved 1048576K
}
Event: 2.184 GC heap before
{Heap before GC invocations=2 (full 0):
 garbage-first heap   total 126976K, used 62480K [0x0000000085200000, 0x0000000100000000)
  region size 1024K, 56 young (57344K), 3 survivors (3072K)
 Metaspace       used 21288K, committed 21504K, reserved 1073152K
  class space    used 2656K, committed 2752K, reserved 1048576K
}
Event: 2.189 GC heap after
{Heap after GC invocations=3 (full 0):
 garbage-first heap   total 126976K, used 13469K [0x0000000085200000, 0x0000000100000000)
  region size 1024K, 7 young (7168K), 7 survivors (7168K)
 Metaspace       used 21288K, committed 21504K, reserved 1073152K
  class space    used 2656K, committed 2752K, reserved 1048576K
}
Event: 2.951 GC heap before
{Heap before GC invocations=4 (full 0):
 garbage-first heap   total 51200K, used 37021K [0x0000000085200000, 0x0000000100000000)
  region size 1024K, 30 young (30720K), 7 survivors (7168K)
 Metaspace       used 25783K, committed 26176K, reserved 1073152K
  class space    used 3331K, committed 3520K, reserved 1048576K
}
Event: 2.959 GC heap after
{Heap after GC invocations=5 (full 0):
 garbage-first heap   total 51200K, used 16068K [0x0000000085200000, 0x0000000100000000)
  region size 1024K, 3 young (3072K), 3 survivors (3072K)
 Metaspace       used 25783K, committed 26176K, reserved 1073152K
  class space    used 3331K, committed 3520K, reserved 1048576K
}
Event: 3.571 GC heap before
{Heap before GC invocations=5 (full 0):
 garbage-first heap   total 51200K, used 34500K [0x0000000085200000, 0x0000000100000000)
  region size 1024K, 22 young (22528K), 3 survivors (3072K)
 Metaspace       used 28487K, committed 28928K, reserved 1081344K
  class space    used 3675K, committed 3904K, reserved 1048576K
}
Event: 3.577 GC heap after
{Heap after GC invocations=6 (full 0):
 garbage-first heap   total 51200K, used 17413K [0x0000000085200000, 0x0000000100000000)
  region size 1024K, 2 young (2048K), 2 survivors (2048K)
 Metaspace       used 28487K, committed 28928K, reserved 1081344K
  class space    used 3675K, committed 3904K, reserved 1048576K
}

